ID	ExecTime	RecordTime	Fields
1	2025-06-17 00:15:37	2025-06-17 00:15:37	Index=68	Price=1155.000000	Timestamp=2025-05-12 10:23:00+05:30	Type=BUY
2	2025-06-17 00:15:37	2025-06-17 00:15:37	BuyIndex=68	BuyPrice=1155.000000	BuyTimestamp=2025-05-12 10:23:00+05:30	Equity=99974.400000	NetPnL=-25.600000	SellIndex=83	SellPrice=1129.400000	SellTimestamp=2025-05-12 10:38:00+05:30	TradePnL=-25.600000	Type=SELL
3	2025-06-17 00:15:37	2025-06-17 00:15:37	Index=114	Price=1143.300000	Timestamp=2025-05-12 11:09:00+05:30	Type=BUY
4	2025-06-17 00:15:37	2025-06-17 00:15:37	BuyIndex=114	BuyPrice=1143.300000	BuyTimestamp=2025-05-12 11:09:00+05:30	Equity=99991.550000	NetPnL=-8.450000	SellIndex=151	SellPrice=1160.450000	SellTimestamp=2025-05-12 11:46:00+05:30	TradePnL=17.150000	Type=SELL
5	2025-06-17 00:15:37	2025-06-17 00:15:37	Index=187	Price=1158.300000	Timestamp=2025-05-12 12:22:00+05:30	Type=BUY
6	2025-06-17 00:15:37	2025-06-17 00:15:37	BuyIndex=187	BuyPrice=1158.300000	BuyTimestamp=2025-05-12 12:22:00+05:30	Equity=99980.950000	NetPnL=-19.050000	SellIndex=188	SellPrice=1147.700000	SellTimestamp=2025-05-12 12:23:00+05:30	TradePnL=-10.600000	Type=SELL
7	2025-06-17 00:15:37	2025-06-17 00:15:37	Index=197	Price=1219.800000	Timestamp=2025-05-12 12:32:00+05:30	Type=BUY
8	2025-06-17 00:15:37	2025-06-17 00:15:37	BuyIndex=197	BuyPrice=1219.800000	BuyTimestamp=2025-05-12 12:32:00+05:30	Equity=99984.150000	NetPnL=-15.850000	SellIndex=220	SellPrice=1223.000000	SellTimestamp=2025-05-12 12:55:00+05:30	TradePnL=3.200000	Type=SELL
9	2025-06-17 00:15:37	2025-06-17 00:15:37	Index=228	Price=1227.000000	Timestamp=2025-05-12 13:03:00+05:30	Type=BUY
10	2025-06-17 00:15:37	2025-06-17 00:15:37	BuyIndex=228	BuyPrice=1227.000000	BuyTimestamp=2025-05-12 13:03:00+05:30	Equity=99971.650000	NetPnL=-28.350000	SellIndex=237	SellPrice=1214.500000	SellTimestamp=2025-05-12 13:12:00+05:30	TradePnL=-12.500000	Type=SELL
11	2025-06-17 00:15:37	2025-06-17 00:15:37	Index=248	Price=1252.000000	Timestamp=2025-05-12 13:23:00+05:30	Type=BUY
12	2025-06-17 00:15:37	2025-06-17 00:15:37	BuyIndex=248	BuyPrice=1252.000000	BuyTimestamp=2025-05-12 13:23:00+05:30	Equity=99974.600000	NetPnL=-25.400000	SellIndex=281	SellPrice=1254.950000	SellTimestamp=2025-05-12 13:56:00+05:30	TradePnL=2.950000	Type=SELL
13	2025-06-17 00:15:37	2025-06-17 00:15:37	Index=298	Price=1282.100000	Timestamp=2025-05-12 14:13:00+05:30	Type=BUY
14	2025-06-17 00:15:37	2025-06-17 00:15:37	BuyIndex=298	BuyPrice=1282.100000	BuyTimestamp=2025-05-12 14:13:00+05:30	Equity=100007.500000	NetPnL=7.500000	SellIndex=327	SellPrice=1315.000000	SellTimestamp=2025-05-12 14:42:00+05:30	TradePnL=32.900000	Type=SELL
15	2025-06-17 00:15:37	2025-06-17 00:15:37	Index=341	Price=1343.900000	Timestamp=2025-05-12 14:56:00+05:30	Type=BUY
16	2025-06-17 00:15:37	2025-06-17 00:15:37	BuyIndex=341	BuyPrice=1343.900000	BuyTimestamp=2025-05-12 14:56:00+05:30	Equity=100016.600000	NetPnL=16.600000	SellIndex=361	SellPrice=1353.000000	SellTimestamp=2025-05-12 15:16:00+05:30	TradePnL=9.100000	Type=SELL
17	2025-06-17 00:15:37	2025-06-17 00:15:37	Index=365	Price=1359.950000	Timestamp=2025-05-12 15:20:00+05:30	Type=BUY
18	2025-06-17 00:15:37	2025-06-17 00:15:37	BuyIndex=365	BuyPrice=1359.950000	BuyTimestamp=2025-05-12 15:20:00+05:30	Equity=99917.650000	NetPnL=-82.350000	SellIndex=378	SellPrice=1261.000000	SellTimestamp=2025-05-13 09:18:00+05:30	TradePnL=-98.950000	Type=SELL
19	2025-06-17 00:15:37	2025-06-17 00:15:37	Index=406	Price=1150.000000	Timestamp=2025-05-13 09:46:00+05:30	Type=BUY
20	2025-06-17 00:15:37	2025-06-17 00:15:37	BuyIndex=406	BuyPrice=1150.000000	BuyTimestamp=2025-05-13 09:46:00+05:30	Equity=99917.700000	NetPnL=-82.300000	SellIndex=408	SellPrice=1150.050000	SellTimestamp=2025-05-13 09:48:00+05:30	TradePnL=0.050000	Type=SELL
21	2025-06-17 00:15:37	2025-06-17 00:15:37	Index=430	Price=1189.000000	Timestamp=2025-05-13 10:10:00+05:30	Type=BUY
22	2025-06-17 00:15:37	2025-06-17 00:15:37	BuyIndex=430	BuyPrice=1189.000000	BuyTimestamp=2025-05-13 10:10:00+05:30	Equity=99870.700000	NetPnL=-129.300000	SellIndex=448	SellPrice=1142.000000	SellTimestamp=2025-05-13 10:28:00+05:30	TradePnL=-47.000000	Type=SELL
23	2025-06-17 00:15:37	2025-06-17 00:15:37	Index=468	Price=1147.000000	Timestamp=2025-05-13 10:48:00+05:30	Type=BUY
24	2025-06-17 00:15:37	2025-06-17 00:15:37	BuyIndex=468	BuyPrice=1147.000000	BuyTimestamp=2025-05-13 10:48:00+05:30	Equity=99887.650000	NetPnL=-112.350000	SellIndex=495	SellPrice=1163.950000	SellTimestamp=2025-05-13 11:15:00+05:30	TradePnL=16.950000	Type=SELL
25	2025-06-17 00:15:37	2025-06-17 00:15:37	Index=508	Price=1201.000000	Timestamp=2025-05-13 11:28:00+05:30	Type=BUY
26	2025-06-17 00:15:37	2025-06-17 00:15:37	BuyIndex=508	BuyPrice=1201.000000	BuyTimestamp=2025-05-13 11:28:00+05:30	Equity=99873.600000	NetPnL=-126.400000	SellIndex=522	SellPrice=1186.950000	SellTimestamp=2025-05-13 11:42:00+05:30	TradePnL=-14.050000	Type=SELL
27	2025-06-17 00:15:37	2025-06-17 00:15:37	Index=548	Price=1184.600000	Timestamp=2025-05-13 12:08:00+05:30	Type=BUY
28	2025-06-17 00:15:37	2025-06-17 00:15:37	BuyIndex=548	BuyPrice=1184.600000	BuyTimestamp=2025-05-13 12:08:00+05:30	Equity=99852.950000	NetPnL=-147.050000	SellIndex=568	SellPrice=1163.950000	SellTimestamp=2025-05-13 12:28:00+05:30	TradePnL=-20.650000	Type=SELL
29	2025-06-17 00:15:37	2025-06-17 00:15:37	Index=649	Price=1071.750000	Timestamp=2025-05-13 13:49:00+05:30	Type=BUY
30	2025-06-17 00:15:37	2025-06-17 00:15:37	BuyIndex=649	BuyPrice=1071.750000	BuyTimestamp=2025-05-13 13:49:00+05:30	Equity=99839.900000	NetPnL=-160.100000	SellIndex=659	SellPrice=1058.700000	SellTimestamp=2025-05-13 13:59:00+05:30	TradePnL=-13.050000	Type=SELL
31	2025-06-17 00:15:37	2025-06-17 00:15:37	Index=692	Price=1059.950000	Timestamp=2025-05-13 14:32:00+05:30	Type=BUY
32	2025-06-17 00:15:37	2025-06-17 00:15:37	BuyIndex=692	BuyPrice=1059.950000	BuyTimestamp=2025-05-13 14:32:00+05:30	Equity=99830.950000	NetPnL=-169.050000	SellIndex=721	SellPrice=1051.000000	SellTimestamp=2025-05-13 15:01:00+05:30	TradePnL=-8.950000	Type=SELL
33	2025-06-17 00:15:37	2025-06-17 00:15:37	Index=746	Price=1029.550000	Timestamp=2025-05-13 15:26:00+05:30	Type=BUY
34	2025-06-17 00:15:37	2025-06-17 00:15:37	BuyIndex=746	BuyPrice=1029.550000	BuyTimestamp=2025-05-13 15:26:00+05:30	Equity=99917.400000	NetPnL=-82.600000	SellIndex=776	SellPrice=1116.000000	SellTimestamp=2025-05-14 09:41:00+05:30	TradePnL=86.450000	Type=SELL
35	2025-06-17 00:15:37	2025-06-17 00:15:37	Index=781	Price=1142.050000	Timestamp=2025-05-14 09:46:00+05:30	Type=BUY
36	2025-06-17 00:15:37	2025-06-17 00:15:37	BuyIndex=781	BuyPrice=1142.050000	BuyTimestamp=2025-05-14 09:46:00+05:30	Equity=99900.350000	NetPnL=-99.650000	SellIndex=796	SellPrice=1125.000000	SellTimestamp=2025-05-14 10:01:00+05:30	TradePnL=-17.050000	Type=SELL
37	2025-06-17 00:15:37	2025-06-17 00:15:37	Index=802	Price=1131.850000	Timestamp=2025-05-14 10:07:00+05:30	Type=BUY
38	2025-06-17 00:15:37	2025-06-17 00:15:37	BuyIndex=802	BuyPrice=1131.850000	BuyTimestamp=2025-05-14 10:07:00+05:30	Equity=99888.500000	NetPnL=-111.500000	SellIndex=828	SellPrice=1120.000000	SellTimestamp=2025-05-14 10:33:00+05:30	TradePnL=-11.850000	Type=SELL
39	2025-06-17 00:15:37	2025-06-17 00:15:37	Index=873	Price=1107.950000	Timestamp=2025-05-14 11:18:00+05:30	Type=BUY
40	2025-06-17 00:15:37	2025-06-17 00:15:37	BuyIndex=873	BuyPrice=1107.950000	BuyTimestamp=2025-05-14 11:18:00+05:30	Equity=99881.500000	NetPnL=-118.500000	SellIndex=896	SellPrice=1100.950000	SellTimestamp=2025-05-14 11:41:00+05:30	TradePnL=-7.000000	Type=SELL
41	2025-06-17 00:15:37	2025-06-17 00:15:37	Index=922	Price=1069.150000	Timestamp=2025-05-14 12:07:00+05:30	Type=BUY
42	2025-06-17 00:15:37	2025-06-17 00:15:37	BuyIndex=922	BuyPrice=1069.150000	BuyTimestamp=2025-05-14 12:07:00+05:30	Equity=99881.000000	NetPnL=-119.000000	SellIndex=946	SellPrice=1068.650000	SellTimestamp=2025-05-14 12:31:00+05:30	TradePnL=-0.500000	Type=SELL
43	2025-06-17 00:15:37	2025-06-17 00:15:37	Index=983	Price=1030.600000	Timestamp=2025-05-14 13:08:00+05:30	Type=BUY
44	2025-06-17 00:15:37	2025-06-17 00:15:37	BuyIndex=983	BuyPrice=1030.600000	BuyTimestamp=2025-05-14 13:08:00+05:30	Equity=99883.800000	NetPnL=-116.200000	SellIndex=1014	SellPrice=1033.400000	SellTimestamp=2025-05-14 13:39:00+05:30	TradePnL=2.800000	Type=SELL
45	2025-06-17 00:15:37	2025-06-17 00:15:37	Index=1055	Price=1040.000000	Timestamp=2025-05-14 14:20:00+05:30	Type=BUY
46	2025-06-17 00:15:37	2025-06-17 00:15:37	BuyIndex=1055	BuyPrice=1040.000000	BuyTimestamp=2025-05-14 14:20:00+05:30	Equity=99851.700000	NetPnL=-148.300000	SellIndex=1069	SellPrice=1007.900000	SellTimestamp=2025-05-14 14:34:00+05:30	TradePnL=-32.100000	Type=SELL
47	2025-06-17 00:15:37	2025-06-17 00:15:37	Index=1080	Price=1034.050000	Timestamp=2025-05-14 14:45:00+05:30	Type=BUY
48	2025-06-17 00:15:37	2025-06-17 00:15:37	BuyIndex=1080	BuyPrice=1034.050000	BuyTimestamp=2025-05-14 14:45:00+05:30	Equity=99880.600000	NetPnL=-119.400000	SellIndex=1116	SellPrice=1062.950000	SellTimestamp=2025-05-14 15:21:00+05:30	TradePnL=28.900000	Type=SELL
49	2025-06-17 00:15:37	2025-06-17 00:15:37	Index=1118	Price=1068.000000	Timestamp=2025-05-14 15:23:00+05:30	Type=BUY
50	2025-06-17 00:15:37	2025-06-17 00:15:37	BuyIndex=1118	BuyPrice=1068.000000	BuyTimestamp=2025-05-14 15:23:00+05:30	Equity=99852.550000	NetPnL=-147.450000	SellIndex=1132	SellPrice=1039.950000	SellTimestamp=2025-05-15 09:22:00+05:30	TradePnL=-28.050000	Type=SELL
51	2025-06-17 00:15:37	2025-06-17 00:15:37	Index=1168	Price=1005.000000	Timestamp=2025-05-15 09:58:00+05:30	Type=BUY
52	2025-06-17 00:15:37	2025-06-17 00:15:37	BuyIndex=1168	BuyPrice=1005.000000	BuyTimestamp=2025-05-15 09:58:00+05:30	Equity=99828.450000	NetPnL=-171.550000	SellIndex=1177	SellPrice=980.900000	SellTimestamp=2025-05-15 10:07:00+05:30	TradePnL=-24.100000	Type=SELL
53	2025-06-17 00:15:37	2025-06-17 00:15:37	Index=1189	Price=1001.950000	Timestamp=2025-05-15 10:19:00+05:30	Type=BUY
54	2025-06-17 00:15:37	2025-06-17 00:15:37	BuyIndex=1189	BuyPrice=1001.950000	BuyTimestamp=2025-05-15 10:19:00+05:30	Equity=99899.500000	NetPnL=-100.500000	SellIndex=1241	SellPrice=1073.000000	SellTimestamp=2025-05-15 11:11:00+05:30	TradePnL=71.050000	Type=SELL
55	2025-06-17 00:15:37	2025-06-17 00:15:37	Index=1282	Price=1050.000000	Timestamp=2025-05-15 11:52:00+05:30	Type=BUY
56	2025-06-17 00:15:37	2025-06-17 00:15:37	BuyIndex=1282	BuyPrice=1050.000000	BuyTimestamp=2025-05-15 11:52:00+05:30	Equity=99915.550000	NetPnL=-84.450000	SellIndex=1288	SellPrice=1066.050000	SellTimestamp=2025-05-15 11:58:00+05:30	TradePnL=16.050000	Type=SELL
57	2025-06-17 00:15:37	2025-06-17 00:15:37	Index=1295	Price=1070.150000	Timestamp=2025-05-15 12:05:00+05:30	Type=BUY
58	2025-06-17 00:15:37	2025-06-17 00:15:37	BuyIndex=1295	BuyPrice=1070.150000	BuyTimestamp=2025-05-15 12:05:00+05:30	Equity=99909.400000	NetPnL=-90.600000	SellIndex=1318	SellPrice=1064.000000	SellTimestamp=2025-05-15 12:28:00+05:30	TradePnL=-6.150000	Type=SELL
59	2025-06-17 00:15:37	2025-06-17 00:15:37	Index=1333	Price=1071.000000	Timestamp=2025-05-15 12:43:00+05:30	Type=BUY
60	2025-06-17 00:15:37	2025-06-17 00:15:37	BuyIndex=1333	BuyPrice=1071.000000	BuyTimestamp=2025-05-15 12:43:00+05:30	Equity=99910.350000	NetPnL=-89.650000	SellIndex=1341	SellPrice=1071.950000	SellTimestamp=2025-05-15 12:51:00+05:30	TradePnL=0.950000	Type=SELL
61	2025-06-17 00:15:37	2025-06-17 00:15:37	Index=1348	Price=1090.400000	Timestamp=2025-05-15 12:58:00+05:30	Type=BUY
62	2025-06-17 00:15:37	2025-06-17 00:15:37	BuyIndex=1348	BuyPrice=1090.400000	BuyTimestamp=2025-05-15 12:58:00+05:30	Equity=100202.900000	NetPnL=202.900000	SellIndex=1443	SellPrice=1382.950000	SellTimestamp=2025-05-15 14:33:00+05:30	TradePnL=292.550000	Type=SELL
63	2025-06-17 00:15:37	2025-06-17 00:15:37	Index=1502	Price=1358.000000	Timestamp=2025-05-16 09:17:00+05:30	Type=BUY
64	2025-06-17 00:15:37	2025-06-17 00:15:37	BuyIndex=1502	BuyPrice=1358.000000	BuyTimestamp=2025-05-16 09:17:00+05:30	Equity=100169.900000	NetPnL=169.900000	SellIndex=1513	SellPrice=1325.000000	SellTimestamp=2025-05-16 09:28:00+05:30	TradePnL=-33.000000	Type=SELL
65	2025-06-17 00:15:37	2025-06-17 00:15:37	Index=1517	Price=1380.300000	Timestamp=2025-05-16 09:32:00+05:30	Type=BUY
66	2025-06-17 00:15:37	2025-06-17 00:15:37	BuyIndex=1517	BuyPrice=1380.300000	BuyTimestamp=2025-05-16 09:32:00+05:30	Equity=100129.400000	NetPnL=129.400000	SellIndex=1528	SellPrice=1339.800000	SellTimestamp=2025-05-16 09:43:00+05:30	TradePnL=-40.500000	Type=SELL
67	2025-06-17 00:15:37	2025-06-17 00:15:37	Index=1551	Price=1348.050000	Timestamp=2025-05-16 10:06:00+05:30	Type=BUY
68	2025-06-17 00:15:37	2025-06-17 00:15:37	BuyIndex=1551	BuyPrice=1348.050000	BuyTimestamp=2025-05-16 10:06:00+05:30	Equity=100108.700000	NetPnL=108.700000	SellIndex=1577	SellPrice=1327.350000	SellTimestamp=2025-05-16 10:32:00+05:30	TradePnL=-20.700000	Type=SELL
69	2025-06-17 00:15:37	2025-06-17 00:15:37	Index=1629	Price=1314.950000	Timestamp=2025-05-16 11:24:00+05:30	Type=BUY
70	2025-06-17 00:15:37	2025-06-17 00:15:37	BuyIndex=1629	BuyPrice=1314.950000	BuyTimestamp=2025-05-16 11:24:00+05:30	Equity=100090.750000	NetPnL=90.750000	SellIndex=1632	SellPrice=1297.000000	SellTimestamp=2025-05-16 11:27:00+05:30	TradePnL=-17.950000	Type=SELL
71	2025-06-17 00:15:37	2025-06-17 00:15:37	Index=1642	Price=1328.250000	Timestamp=2025-05-16 11:37:00+05:30	Type=BUY
72	2025-06-17 00:15:37	2025-06-17 00:15:37	BuyIndex=1642	BuyPrice=1328.250000	BuyTimestamp=2025-05-16 11:37:00+05:30	Equity=100080.550000	NetPnL=80.550000	SellIndex=1657	SellPrice=1318.050000	SellTimestamp=2025-05-16 11:52:00+05:30	TradePnL=-10.200000	Type=SELL
73	2025-06-17 00:15:37	2025-06-17 00:15:37	Index=1677	Price=1309.150000	Timestamp=2025-05-16 12:12:00+05:30	Type=BUY
74	2025-06-17 00:15:37	2025-06-17 00:15:37	BuyIndex=1677	BuyPrice=1309.150000	BuyTimestamp=2025-05-16 12:12:00+05:30	Equity=100071.350000	NetPnL=71.350000	SellIndex=1681	SellPrice=1299.950000	SellTimestamp=2025-05-16 12:16:00+05:30	TradePnL=-9.200000	Type=SELL
75	2025-06-17 00:15:37	2025-06-17 00:15:37	Index=1698	Price=1323.950000	Timestamp=2025-05-16 12:33:00+05:30	Type=BUY
76	2025-06-17 00:15:37	2025-06-17 00:15:37	BuyIndex=1698	BuyPrice=1323.950000	BuyTimestamp=2025-05-16 12:33:00+05:30	Equity=100072.450000	NetPnL=72.450000	SellIndex=1728	SellPrice=1325.050000	SellTimestamp=2025-05-16 13:03:00+05:30	TradePnL=1.100000	Type=SELL
77	2025-06-17 00:15:37	2025-06-17 00:15:37	Index=1741	Price=1339.600000	Timestamp=2025-05-16 13:16:00+05:30	Type=BUY
78	2025-06-17 00:15:37	2025-06-17 00:15:37	BuyIndex=1741	BuyPrice=1339.600000	BuyTimestamp=2025-05-16 13:16:00+05:30	Equity=100059.050000	NetPnL=59.050000	SellIndex=1769	SellPrice=1326.200000	SellTimestamp=2025-05-16 13:44:00+05:30	TradePnL=-13.400000	Type=SELL
79	2025-06-17 00:15:37	2025-06-17 00:15:37	Index=1786	Price=1341.900000	Timestamp=2025-05-16 14:01:00+05:30	Type=BUY
80	2025-06-17 00:15:37	2025-06-17 00:15:37	BuyIndex=1786	BuyPrice=1341.900000	BuyTimestamp=2025-05-16 14:01:00+05:30	Equity=100057.100000	NetPnL=57.100000	SellIndex=1808	SellPrice=1339.950000	SellTimestamp=2025-05-16 14:23:00+05:30	TradePnL=-1.950000	Type=SELL
81	2025-06-17 00:15:37	2025-06-17 00:15:37	Index=1828	Price=1340.000000	Timestamp=2025-05-16 14:43:00+05:30	Type=BUY
82	2025-06-17 00:15:37	2025-06-17 00:15:37	BuyIndex=1828	BuyPrice=1340.000000	BuyTimestamp=2025-05-16 14:43:00+05:30	Equity=100046.150000	NetPnL=46.150000	SellIndex=1842	SellPrice=1329.050000	SellTimestamp=2025-05-16 14:57:00+05:30	TradePnL=-10.950000	Type=SELL
83	2025-06-17 00:15:37	2025-06-17 00:15:37	Index=1853	Price=1342.000000	Timestamp=2025-05-16 15:08:00+05:30	Type=BUY
84	2025-06-17 00:15:37	2025-06-17 00:15:37	BuyIndex=1853	BuyPrice=1342.000000	BuyTimestamp=2025-05-16 15:08:00+05:30	Equity=100048.100000	NetPnL=48.100000	SellIndex=1873	SellPrice=1343.950000	SellTimestamp=2025-05-16 15:28:00+05:30	TradePnL=1.950000	Type=SELL
85	2025-06-17 00:15:37	2025-06-17 00:15:37	Index=1919	Price=1316.950000	Timestamp=2025-05-19 10:00:00+05:30	Type=BUY
86	2025-06-17 00:15:37	2025-06-17 00:15:37	BuyIndex=1919	BuyPrice=1316.950000	BuyTimestamp=2025-05-19 10:00:00+05:30	Equity=100054.100000	NetPnL=54.100000	SellIndex=1921	SellPrice=1322.950000	SellTimestamp=2025-05-19 10:02:00+05:30	TradePnL=6.000000	Type=SELL
87	2025-06-17 00:15:37	2025-06-17 00:15:37	Index=1922	Price=1337.000000	Timestamp=2025-05-19 10:03:00+05:30	Type=BUY
88	2025-06-17 00:15:37	2025-06-17 00:15:37	BuyIndex=1922	BuyPrice=1337.000000	BuyTimestamp=2025-05-19 10:03:00+05:30	Equity=100056.050000	NetPnL=56.050000	SellIndex=1925	SellPrice=1338.950000	SellTimestamp=2025-05-19 10:06:00+05:30	TradePnL=1.950000	Type=SELL
89	2025-06-17 00:15:37	2025-06-17 00:15:37	Index=1926	Price=1334.050000	Timestamp=2025-05-19 10:07:00+05:30	Type=BUY
90	2025-06-17 00:15:37	2025-06-17 00:15:37	BuyIndex=1926	BuyPrice=1334.050000	BuyTimestamp=2025-05-19 10:07:00+05:30	Equity=100056.550000	NetPnL=56.550000	SellIndex=1949	SellPrice=1334.550000	SellTimestamp=2025-05-19 10:30:00+05:30	TradePnL=0.500000	Type=SELL
91	2025-06-17 00:15:37	2025-06-17 00:15:37	Index=1978	Price=1349.950000	Timestamp=2025-05-19 10:59:00+05:30	Type=BUY
92	2025-06-17 00:15:37	2025-06-17 00:15:37	BuyIndex=1978	BuyPrice=1349.950000	BuyTimestamp=2025-05-19 10:59:00+05:30	Equity=100053.300000	NetPnL=53.300000	SellIndex=2000	SellPrice=1346.700000	SellTimestamp=2025-05-19 11:21:00+05:30	TradePnL=-3.250000	Type=SELL
93	2025-06-17 00:15:37	2025-06-17 00:15:37	Index=2036	Price=1337.050000	Timestamp=2025-05-19 11:57:00+05:30	Type=BUY
94	2025-06-17 00:15:37	2025-06-17 00:15:37	BuyIndex=2036	BuyPrice=1337.050000	BuyTimestamp=2025-05-19 11:57:00+05:30	Equity=100037.200000	NetPnL=37.200000	SellIndex=2040	SellPrice=1320.950000	SellTimestamp=2025-05-19 12:01:00+05:30	TradePnL=-16.100000	Type=SELL
95	2025-06-17 00:15:37	2025-06-17 00:15:37	Index=2064	Price=1331.850000	Timestamp=2025-05-19 12:25:00+05:30	Type=BUY
96	2025-06-17 00:15:37	2025-06-17 00:15:37	BuyIndex=2064	BuyPrice=1331.850000	BuyTimestamp=2025-05-19 12:25:00+05:30	Equity=100029.350000	NetPnL=29.350000	SellIndex=2083	SellPrice=1324.000000	SellTimestamp=2025-05-19 12:44:00+05:30	TradePnL=-7.850000	Type=SELL
97	2025-06-17 00:15:37	2025-06-17 00:15:37	Index=2096	Price=1331.700000	Timestamp=2025-05-19 12:57:00+05:30	Type=BUY
98	2025-06-17 00:15:37	2025-06-17 00:15:37	BuyIndex=2096	BuyPrice=1331.700000	BuyTimestamp=2025-05-19 12:57:00+05:30	Equity=100011.700000	NetPnL=11.700000	SellIndex=2105	SellPrice=1314.050000	SellTimestamp=2025-05-19 13:06:00+05:30	TradePnL=-17.650000	Type=SELL
99	2025-06-17 00:15:37	2025-06-17 00:15:37	Index=2127	Price=1315.000000	Timestamp=2025-05-19 13:28:00+05:30	Type=BUY
100	2025-06-17 00:15:37	2025-06-17 00:15:37	BuyIndex=2127	BuyPrice=1315.000000	BuyTimestamp=2025-05-19 13:28:00+05:30	Equity=100000.850000	NetPnL=0.850000	SellIndex=2138	SellPrice=1304.150000	SellTimestamp=2025-05-19 13:39:00+05:30	TradePnL=-10.850000	Type=SELL
101	2025-06-17 00:15:37	2025-06-17 00:15:37	Index=2186	Price=1258.000000	Timestamp=2025-05-19 14:27:00+05:30	Type=BUY
102	2025-06-17 00:15:37	2025-06-17 00:15:37	BuyIndex=2186	BuyPrice=1258.000000	BuyTimestamp=2025-05-19 14:27:00+05:30	Equity=99995.300000	NetPnL=-4.700000	SellIndex=2191	SellPrice=1252.450000	SellTimestamp=2025-05-19 14:32:00+05:30	TradePnL=-5.550000	Type=SELL
103	2025-06-17 00:15:37	2025-06-17 00:15:37	Index=2202	Price=1267.850000	Timestamp=2025-05-19 14:43:00+05:30	Type=BUY
104	2025-06-17 00:15:37	2025-06-17 00:15:37	BuyIndex=2202	BuyPrice=1267.850000	BuyTimestamp=2025-05-19 14:43:00+05:30	Equity=99977.900000	NetPnL=-22.100000	SellIndex=2209	SellPrice=1250.450000	SellTimestamp=2025-05-19 14:50:00+05:30	TradePnL=-17.400000	Type=SELL
105	2025-06-17 00:15:37	2025-06-17 00:15:37	Index=2210	Price=1253.250000	Timestamp=2025-05-19 14:51:00+05:30	Type=BUY
106	2025-06-17 00:15:37	2025-06-17 00:15:37	BuyIndex=2210	BuyPrice=1253.250000	BuyTimestamp=2025-05-19 14:51:00+05:30	Equity=99971.200000	NetPnL=-28.800000	SellIndex=2212	SellPrice=1246.550000	SellTimestamp=2025-05-19 14:53:00+05:30	TradePnL=-6.700000	Type=SELL
107	2025-06-17 00:15:37	2025-06-17 00:15:37	Index=2225	Price=1265.000000	Timestamp=2025-05-19 15:06:00+05:30	Type=BUY
108	2025-06-17 00:15:37	2025-06-17 00:15:37	BuyIndex=2225	BuyPrice=1265.000000	BuyTimestamp=2025-05-19 15:06:00+05:30	Equity=99967.150000	NetPnL=-32.850000	SellIndex=2238	SellPrice=1260.950000	SellTimestamp=2025-05-19 15:19:00+05:30	TradePnL=-4.050000	Type=SELL
109	2025-06-17 00:15:37	2025-06-17 00:15:37	Index=2249	Price=1311.000000	Timestamp=2025-05-20 09:15:00+05:30	Type=BUY
110	2025-06-17 00:15:37	2025-06-17 00:15:37	BuyIndex=2249	BuyPrice=1311.000000	BuyTimestamp=2025-05-20 09:15:00+05:30	Equity=99916.150000	NetPnL=-83.850000	SellIndex=2268	SellPrice=1260.000000	SellTimestamp=2025-05-20 09:34:00+05:30	TradePnL=-51.000000	Type=SELL
111	2025-06-17 00:15:37	2025-06-17 00:15:37	Index=2302	Price=1249.300000	Timestamp=2025-05-20 10:08:00+05:30	Type=BUY
112	2025-06-17 00:15:37	2025-06-17 00:15:37	BuyIndex=2302	BuyPrice=1249.300000	BuyTimestamp=2025-05-20 10:08:00+05:30	Equity=99891.850000	NetPnL=-108.150000	SellIndex=2313	SellPrice=1225.000000	SellTimestamp=2025-05-20 10:19:00+05:30	TradePnL=-24.300000	Type=SELL
113	2025-06-17 00:15:37	2025-06-17 00:15:37	Index=2330	Price=1265.650000	Timestamp=2025-05-20 10:36:00+05:30	Type=BUY
114	2025-06-17 00:15:37	2025-06-17 00:15:37	BuyIndex=2330	BuyPrice=1265.650000	BuyTimestamp=2025-05-20 10:36:00+05:30	Equity=99896.200000	NetPnL=-103.800000	SellIndex=2355	SellPrice=1270.000000	SellTimestamp=2025-05-20 11:01:00+05:30	TradePnL=4.350000	Type=SELL
115	2025-06-17 00:15:37	2025-06-17 00:15:37	Index=2423	Price=1230.000000	Timestamp=2025-05-20 12:09:00+05:30	Type=BUY
116	2025-06-17 00:15:37	2025-06-17 00:15:37	BuyIndex=2423	BuyPrice=1230.000000	BuyTimestamp=2025-05-20 12:09:00+05:30	Equity=99879.200000	NetPnL=-120.800000	SellIndex=2434	SellPrice=1213.000000	SellTimestamp=2025-05-20 12:20:00+05:30	TradePnL=-17.000000	Type=SELL
117	2025-06-17 00:15:37	2025-06-17 00:15:37	Index=2448	Price=1224.550000	Timestamp=2025-05-20 12:34:00+05:30	Type=BUY
118	2025-06-17 00:15:37	2025-06-17 00:15:37	BuyIndex=2448	BuyPrice=1224.550000	BuyTimestamp=2025-05-20 12:34:00+05:30	Equity=99872.250000	NetPnL=-127.750000	SellIndex=2460	SellPrice=1217.600000	SellTimestamp=2025-05-20 12:46:00+05:30	TradePnL=-6.950000	Type=SELL
119	2025-06-17 00:15:37	2025-06-17 00:15:37	Index=2527	Price=1145.750000	Timestamp=2025-05-20 13:53:00+05:30	Type=BUY
120	2025-06-17 00:15:37	2025-06-17 00:15:37	BuyIndex=2527	BuyPrice=1145.750000	BuyTimestamp=2025-05-20 13:53:00+05:30	Equity=99852.500000	NetPnL=-147.500000	SellIndex=2538	SellPrice=1126.000000	SellTimestamp=2025-05-20 14:04:00+05:30	TradePnL=-19.750000	Type=SELL
121	2025-06-17 00:15:37	2025-06-17 00:15:37	Index=2599	Price=1072.850000	Timestamp=2025-05-20 15:05:00+05:30	Type=BUY
122	2025-06-17 00:15:37	2025-06-17 00:15:37	BuyIndex=2599	BuyPrice=1072.850000	BuyTimestamp=2025-05-20 15:05:00+05:30	Equity=99842.650000	NetPnL=-157.350000	SellIndex=2627	SellPrice=1063.000000	SellTimestamp=2025-05-21 09:18:00+05:30	TradePnL=-9.850000	Type=SELL
123	2025-06-17 00:15:37	2025-06-17 00:15:37	Index=2639	Price=1084.000000	Timestamp=2025-05-21 09:30:00+05:30	Type=BUY
124	2025-06-17 00:15:37	2025-06-17 00:15:37	BuyIndex=2639	BuyPrice=1084.000000	BuyTimestamp=2025-05-21 09:30:00+05:30	Equity=100016.650000	NetPnL=16.650000	SellIndex=2723	SellPrice=1258.000000	SellTimestamp=2025-05-21 10:54:00+05:30	TradePnL=174.000000	Type=SELL
125	2025-06-17 00:15:37	2025-06-17 00:15:37	Index=2750	Price=1230.000000	Timestamp=2025-05-21 11:21:00+05:30	Type=BUY
126	2025-06-17 00:15:37	2025-06-17 00:15:37	BuyIndex=2750	BuyPrice=1230.000000	BuyTimestamp=2025-05-21 11:21:00+05:30	Equity=99998.950000	NetPnL=-1.050000	SellIndex=2752	SellPrice=1212.300000	SellTimestamp=2025-05-21 11:23:00+05:30	TradePnL=-17.700000	Type=SELL
127	2025-06-17 00:15:37	2025-06-17 00:15:37	Index=2820	Price=1114.300000	Timestamp=2025-05-21 12:31:00+05:30	Type=BUY
128	2025-06-17 00:15:37	2025-06-17 00:15:37	BuyIndex=2820	BuyPrice=1114.300000	BuyTimestamp=2025-05-21 12:31:00+05:30	Equity=99984.650000	NetPnL=-15.350000	SellIndex=2843	SellPrice=1100.000000	SellTimestamp=2025-05-21 12:54:00+05:30	TradePnL=-14.300000	Type=SELL
129	2025-06-17 00:15:37	2025-06-17 00:15:37	Index=2855	Price=1150.250000	Timestamp=2025-05-21 13:06:00+05:30	Type=BUY
130	2025-06-17 00:15:37	2025-06-17 00:15:37	BuyIndex=2855	BuyPrice=1150.250000	BuyTimestamp=2025-05-21 13:06:00+05:30	Equity=99953.200000	NetPnL=-46.800000	SellIndex=2881	SellPrice=1118.800000	SellTimestamp=2025-05-21 13:32:00+05:30	TradePnL=-31.450000	Type=SELL
131	2025-06-17 00:15:37	2025-06-17 00:15:37	Index=2925	Price=1129.100000	Timestamp=2025-05-21 14:16:00+05:30	Type=BUY
132	2025-06-17 00:15:37	2025-06-17 00:15:37	BuyIndex=2925	BuyPrice=1129.100000	BuyTimestamp=2025-05-21 14:16:00+05:30	Equity=99939.100000	NetPnL=-60.900000	SellIndex=2952	SellPrice=1115.000000	SellTimestamp=2025-05-21 14:43:00+05:30	TradePnL=-14.100000	Type=SELL
133	2025-06-17 00:15:37	2025-06-17 00:15:37	Index=2969	Price=1138.700000	Timestamp=2025-05-21 15:00:00+05:30	Type=BUY
134	2025-06-17 00:15:37	2025-06-17 00:15:37	BuyIndex=2969	BuyPrice=1138.700000	BuyTimestamp=2025-05-21 15:00:00+05:30	Equity=99932.000000	NetPnL=-68.000000	SellIndex=2978	SellPrice=1131.600000	SellTimestamp=2025-05-21 15:09:00+05:30	TradePnL=-7.100000	Type=SELL
135	2025-06-17 00:15:37	2025-06-17 00:15:37	Index=3038	Price=965.000000	Timestamp=2025-05-22 09:54:00+05:30	Type=BUY
136	2025-06-17 00:15:37	2025-06-17 00:15:37	BuyIndex=3038	BuyPrice=965.000000	BuyTimestamp=2025-05-22 09:54:00+05:30	Equity=99932.400000	NetPnL=-67.600000	SellIndex=3040	SellPrice=965.400000	SellTimestamp=2025-05-22 09:56:00+05:30	TradePnL=0.400000	Type=SELL
137	2025-06-17 00:15:37	2025-06-17 00:15:37	Index=3041	Price=967.750000	Timestamp=2025-05-22 09:57:00+05:30	Type=BUY
138	2025-06-17 00:15:37	2025-06-17 00:15:37	BuyIndex=3041	BuyPrice=967.750000	BuyTimestamp=2025-05-22 09:57:00+05:30	Equity=99935.650000	NetPnL=-64.350000	SellIndex=3059	SellPrice=971.000000	SellTimestamp=2025-05-22 10:15:00+05:30	TradePnL=3.250000	Type=SELL
139	2025-06-17 00:15:37	2025-06-17 00:15:37	Index=3066	Price=975.950000	Timestamp=2025-05-22 10:22:00+05:30	Type=BUY
140	2025-06-17 00:15:37	2025-06-17 00:15:37	BuyIndex=3066	BuyPrice=975.950000	BuyTimestamp=2025-05-22 10:22:00+05:30	Equity=99915.650000	NetPnL=-84.350000	SellIndex=3074	SellPrice=955.950000	SellTimestamp=2025-05-22 10:30:00+05:30	TradePnL=-20.000000	Type=SELL
141	2025-06-17 00:15:37	2025-06-17 00:15:37	Index=3086	Price=973.150000	Timestamp=2025-05-22 10:42:00+05:30	Type=BUY
142	2025-06-17 00:15:37	2025-06-17 00:15:37	BuyIndex=3086	BuyPrice=973.150000	BuyTimestamp=2025-05-22 10:42:00+05:30	Equity=99911.450000	NetPnL=-88.550000	SellIndex=3100	SellPrice=968.950000	SellTimestamp=2025-05-22 10:56:00+05:30	TradePnL=-4.200000	Type=SELL
143	2025-06-17 00:15:37	2025-06-17 00:15:37	Index=3124	Price=965.000000	Timestamp=2025-05-22 11:20:00+05:30	Type=BUY
144	2025-06-17 00:15:37	2025-06-17 00:15:37	BuyIndex=3124	BuyPrice=965.000000	BuyTimestamp=2025-05-22 11:20:00+05:30	Equity=99907.000000	NetPnL=-93.000000	SellIndex=3126	SellPrice=960.550000	SellTimestamp=2025-05-22 11:22:00+05:30	TradePnL=-4.450000	Type=SELL
145	2025-06-17 00:15:37	2025-06-17 00:15:37	Index=3159	Price=964.150000	Timestamp=2025-05-22 11:55:00+05:30	Type=BUY
146	2025-06-17 00:15:37	2025-06-17 00:15:37	BuyIndex=3159	BuyPrice=964.150000	BuyTimestamp=2025-05-22 11:55:00+05:30	Equity=99892.850000	NetPnL=-107.150000	SellIndex=3176	SellPrice=950.000000	SellTimestamp=2025-05-22 12:12:00+05:30	TradePnL=-14.150000	Type=SELL
147	2025-06-17 00:15:37	2025-06-17 00:15:37	Index=3236	Price=926.000000	Timestamp=2025-05-22 13:12:00+05:30	Type=BUY
148	2025-06-17 00:15:37	2025-06-17 00:15:37	BuyIndex=3236	BuyPrice=926.000000	BuyTimestamp=2025-05-22 13:12:00+05:30	Equity=99889.900000	NetPnL=-110.100000	SellIndex=3259	SellPrice=923.050000	SellTimestamp=2025-05-22 13:35:00+05:30	TradePnL=-2.950000	Type=SELL
149	2025-06-17 00:15:37	2025-06-17 00:15:37	Index=3288	Price=915.600000	Timestamp=2025-05-22 14:04:00+05:30	Type=BUY
150	2025-06-17 00:15:37	2025-06-17 00:15:37	BuyIndex=3288	BuyPrice=915.600000	BuyTimestamp=2025-05-22 14:04:00+05:30	Equity=99872.650000	NetPnL=-127.350000	SellIndex=3300	SellPrice=898.350000	SellTimestamp=2025-05-22 14:16:00+05:30	TradePnL=-17.250000	Type=SELL
151	2025-06-17 00:15:37	2025-06-17 00:15:37	Index=3325	Price=918.400000	Timestamp=2025-05-22 14:41:00+05:30	Type=BUY
152	2025-06-17 00:15:37	2025-06-17 00:15:37	BuyIndex=3325	BuyPrice=918.400000	BuyTimestamp=2025-05-22 14:41:00+05:30	Equity=100046.750000	NetPnL=46.750000	SellIndex=3442	SellPrice=1092.500000	SellTimestamp=2025-05-23 10:23:00+05:30	TradePnL=174.100000	Type=SELL
153	2025-06-17 00:15:37	2025-06-17 00:15:37	Index=3463	Price=1115.000000	Timestamp=2025-05-23 10:44:00+05:30	Type=BUY
154	2025-06-17 00:15:37	2025-06-17 00:15:37	BuyIndex=3463	BuyPrice=1115.000000	BuyTimestamp=2025-05-23 10:44:00+05:30	Equity=100111.550000	NetPnL=111.550000	SellIndex=3490	SellPrice=1179.800000	SellTimestamp=2025-05-23 11:11:00+05:30	TradePnL=64.800000	Type=SELL
155	2025-06-17 00:15:37	2025-06-17 00:15:37	Index=3514	Price=1183.000000	Timestamp=2025-05-23 11:35:00+05:30	Type=BUY
156	2025-06-17 00:15:37	2025-06-17 00:15:37	BuyIndex=3514	BuyPrice=1183.000000	BuyTimestamp=2025-05-23 11:35:00+05:30	Equity=100078.900000	NetPnL=78.900000	SellIndex=3524	SellPrice=1150.350000	SellTimestamp=2025-05-23 11:45:00+05:30	TradePnL=-32.650000	Type=SELL
157	2025-06-17 00:15:37	2025-06-17 00:15:37	Index=3548	Price=1142.000000	Timestamp=2025-05-23 12:09:00+05:30	Type=BUY
158	2025-06-17 00:15:37	2025-06-17 00:15:37	BuyIndex=3548	BuyPrice=1142.000000	BuyTimestamp=2025-05-23 12:09:00+05:30	Equity=100070.250000	NetPnL=70.250000	SellIndex=3557	SellPrice=1133.350000	SellTimestamp=2025-05-23 12:18:00+05:30	TradePnL=-8.650000	Type=SELL
159	2025-06-17 00:15:37	2025-06-17 00:15:37	Index=3563	Price=1151.200000	Timestamp=2025-05-23 12:24:00+05:30	Type=BUY
160	2025-06-17 00:15:37	2025-06-17 00:15:37	BuyIndex=3563	BuyPrice=1151.200000	BuyTimestamp=2025-05-23 12:24:00+05:30	Equity=100111.100000	NetPnL=111.100000	SellIndex=3594	SellPrice=1192.050000	SellTimestamp=2025-05-23 12:55:00+05:30	TradePnL=40.850000	Type=SELL
161	2025-06-17 00:15:37	2025-06-17 00:15:37	Index=3596	Price=1187.150000	Timestamp=2025-05-23 12:57:00+05:30	Type=BUY
162	2025-06-17 00:15:37	2025-06-17 00:15:37	BuyIndex=3596	BuyPrice=1187.150000	BuyTimestamp=2025-05-23 12:57:00+05:30	Equity=100102.050000	NetPnL=102.050000	SellIndex=3614	SellPrice=1178.100000	SellTimestamp=2025-05-23 13:15:00+05:30	TradePnL=-9.050000	Type=SELL
163	2025-06-17 00:15:37	2025-06-17 00:15:37	Index=3628	Price=1179.900000	Timestamp=2025-05-23 13:29:00+05:30	Type=BUY
164	2025-06-17 00:15:37	2025-06-17 00:15:37	BuyIndex=3628	BuyPrice=1179.900000	BuyTimestamp=2025-05-23 13:29:00+05:30	Equity=100088.900000	NetPnL=88.900000	SellIndex=3634	SellPrice=1166.750000	SellTimestamp=2025-05-23 13:35:00+05:30	TradePnL=-13.150000	Type=SELL
165	2025-06-17 00:15:37	2025-06-17 00:15:37	Index=3659	Price=1176.050000	Timestamp=2025-05-23 14:00:00+05:30	Type=BUY
166	2025-06-17 00:15:37	2025-06-17 00:15:37	BuyIndex=3659	BuyPrice=1176.050000	BuyTimestamp=2025-05-23 14:00:00+05:30	Equity=100061.800000	NetPnL=61.800000	SellIndex=3676	SellPrice=1148.950000	SellTimestamp=2025-05-23 14:17:00+05:30	TradePnL=-27.100000	Type=SELL
167	2025-06-17 00:15:37	2025-06-17 00:15:37	Index=3690	Price=1165.550000	Timestamp=2025-05-23 14:31:00+05:30	Type=BUY
168	2025-06-17 00:15:37	2025-06-17 00:15:37	BuyIndex=3690	BuyPrice=1165.550000	BuyTimestamp=2025-05-23 14:31:00+05:30	Equity=100044.400000	NetPnL=44.400000	SellIndex=3702	SellPrice=1148.150000	SellTimestamp=2025-05-23 14:43:00+05:30	TradePnL=-17.400000	Type=SELL
169	2025-06-17 00:15:37	2025-06-17 00:15:37	Index=3727	Price=1137.650000	Timestamp=2025-05-23 15:08:00+05:30	Type=BUY
170	2025-06-17 00:15:37	2025-06-17 00:15:37	BuyIndex=3727	BuyPrice=1137.650000	BuyTimestamp=2025-05-23 15:08:00+05:30	Equity=100037.750000	NetPnL=37.750000	SellIndex=3737	SellPrice=1131.000000	SellTimestamp=2025-05-23 15:18:00+05:30	TradePnL=-6.650000	Type=SELL
171	2025-06-17 00:15:37	2025-06-17 00:15:37	Index=3748	Price=1140.500000	Timestamp=2025-05-23 15:29:00+05:30	Type=BUY
172	2025-06-17 00:15:37	2025-06-17 00:15:37	BuyIndex=3748	BuyPrice=1140.500000	BuyTimestamp=2025-05-23 15:29:00+05:30	Equity=100193.950000	NetPnL=193.950000	SellIndex=3799	SellPrice=1296.700000	SellTimestamp=2025-05-26 10:05:00+05:30	TradePnL=156.200000	Type=SELL
173	2025-06-17 00:15:37	2025-06-17 00:15:37	Index=3844	Price=1226.000000	Timestamp=2025-05-26 10:50:00+05:30	Type=BUY
174	2025-06-17 00:15:37	2025-06-17 00:15:37	BuyIndex=3844	BuyPrice=1226.000000	BuyTimestamp=2025-05-26 10:50:00+05:30	Equity=100205.050000	NetPnL=205.050000	SellIndex=3869	SellPrice=1237.100000	SellTimestamp=2025-05-26 11:15:00+05:30	TradePnL=11.100000	Type=SELL
175	2025-06-17 00:15:37	2025-06-17 00:15:37	Index=3871	Price=1268.600000	Timestamp=2025-05-26 11:17:00+05:30	Type=BUY
176	2025-06-17 00:15:37	2025-06-17 00:15:37	BuyIndex=3871	BuyPrice=1268.600000	BuyTimestamp=2025-05-26 11:17:00+05:30	Equity=100166.450000	NetPnL=166.450000	SellIndex=3887	SellPrice=1230.000000	SellTimestamp=2025-05-26 11:33:00+05:30	TradePnL=-38.600000	Type=SELL
177	2025-06-17 00:15:37	2025-06-17 00:15:37	Index=3905	Price=1250.000000	Timestamp=2025-05-26 11:51:00+05:30	Type=BUY
178	2025-06-17 00:15:37	2025-06-17 00:15:37	BuyIndex=3905	BuyPrice=1250.000000	BuyTimestamp=2025-05-26 11:51:00+05:30	Equity=100156.450000	NetPnL=156.450000	SellIndex=3930	SellPrice=1240.000000	SellTimestamp=2025-05-26 12:16:00+05:30	TradePnL=-10.000000	Type=SELL
179	2025-06-17 00:15:37	2025-06-17 00:15:37	Index=3949	Price=1256.050000	Timestamp=2025-05-26 12:35:00+05:30	Type=BUY
180	2025-06-17 00:15:37	2025-06-17 00:15:37	BuyIndex=3949	BuyPrice=1256.050000	BuyTimestamp=2025-05-26 12:35:00+05:30	Equity=100135.450000	NetPnL=135.450000	SellIndex=3959	SellPrice=1235.050000	SellTimestamp=2025-05-26 12:45:00+05:30	TradePnL=-21.000000	Type=SELL
181	2025-06-17 00:15:37	2025-06-17 00:15:37	Index=3983	Price=1247.200000	Timestamp=2025-05-26 13:09:00+05:30	Type=BUY
182	2025-06-17 00:15:37	2025-06-17 00:15:37	BuyIndex=3983	BuyPrice=1247.200000	BuyTimestamp=2025-05-26 13:09:00+05:30	Equity=100123.050000	NetPnL=123.050000	SellIndex=4004	SellPrice=1234.800000	SellTimestamp=2025-05-26 13:30:00+05:30	TradePnL=-12.400000	Type=SELL
183	2025-06-17 00:15:37	2025-06-17 00:15:37	Index=4012	Price=1245.000000	Timestamp=2025-05-26 13:38:00+05:30	Type=BUY
184	2025-06-17 00:15:37	2025-06-17 00:15:37	BuyIndex=4012	BuyPrice=1245.000000	BuyTimestamp=2025-05-26 13:38:00+05:30	Equity=100116.100000	NetPnL=116.100000	SellIndex=4041	SellPrice=1238.050000	SellTimestamp=2025-05-26 14:07:00+05:30	TradePnL=-6.950000	Type=SELL
185	2025-06-17 00:15:37	2025-06-17 00:15:37	Index=4053	Price=1251.550000	Timestamp=2025-05-26 14:19:00+05:30	Type=BUY
186	2025-06-17 00:15:37	2025-06-17 00:15:37	BuyIndex=4053	BuyPrice=1251.550000	BuyTimestamp=2025-05-26 14:19:00+05:30	Equity=100104.000000	NetPnL=104.000000	SellIndex=4058	SellPrice=1239.450000	SellTimestamp=2025-05-26 14:24:00+05:30	TradePnL=-12.100000	Type=SELL
187	2025-06-17 00:15:37	2025-06-17 00:15:37	Index=4071	Price=1256.500000	Timestamp=2025-05-26 14:37:00+05:30	Type=BUY
188	2025-06-17 00:15:37	2025-06-17 00:15:37	BuyIndex=4071	BuyPrice=1256.500000	BuyTimestamp=2025-05-26 14:37:00+05:30	Equity=100106.300000	NetPnL=106.300000	SellIndex=4119	SellPrice=1258.800000	SellTimestamp=2025-05-26 15:25:00+05:30	TradePnL=2.300000	Type=SELL
189	2025-06-17 00:15:37	2025-06-17 00:15:37	Index=4151	Price=1118.400000	Timestamp=2025-05-27 09:42:00+05:30	Type=BUY
190	2025-06-17 00:15:37	2025-06-17 00:15:37	BuyIndex=4151	BuyPrice=1118.400000	BuyTimestamp=2025-05-27 09:42:00+05:30	Equity=100092.850000	NetPnL=92.850000	SellIndex=4160	SellPrice=1104.950000	SellTimestamp=2025-05-27 09:51:00+05:30	TradePnL=-13.450000	Type=SELL
191	2025-06-17 00:15:37	2025-06-17 00:15:37	Index=4204	Price=1091.800000	Timestamp=2025-05-27 10:35:00+05:30	Type=BUY
192	2025-06-17 00:15:37	2025-06-17 00:15:37	BuyIndex=4204	BuyPrice=1091.800000	BuyTimestamp=2025-05-27 10:35:00+05:30	Equity=100065.550000	NetPnL=65.550000	SellIndex=4216	SellPrice=1064.500000	SellTimestamp=2025-05-27 10:47:00+05:30	TradePnL=-27.300000	Type=SELL
193	2025-06-17 00:15:37	2025-06-17 00:15:37	Index=4228	Price=1087.350000	Timestamp=2025-05-27 10:59:00+05:30	Type=BUY
194	2025-06-17 00:15:37	2025-06-17 00:15:37	BuyIndex=4228	BuyPrice=1087.350000	BuyTimestamp=2025-05-27 10:59:00+05:30	Equity=100227.750000	NetPnL=227.750000	SellIndex=4275	SellPrice=1249.550000	SellTimestamp=2025-05-27 11:46:00+05:30	TradePnL=162.200000	Type=SELL
195	2025-06-17 00:15:37	2025-06-17 00:15:37	Index=4292	Price=1243.500000	Timestamp=2025-05-27 12:03:00+05:30	Type=BUY
196	2025-06-17 00:15:37	2025-06-17 00:15:37	BuyIndex=4292	BuyPrice=1243.500000	BuyTimestamp=2025-05-27 12:03:00+05:30	Equity=100209.250000	NetPnL=209.250000	SellIndex=4306	SellPrice=1225.000000	SellTimestamp=2025-05-27 12:17:00+05:30	TradePnL=-18.500000	Type=SELL
197	2025-06-17 00:15:37	2025-06-17 00:15:37	Index=4366	Price=1150.700000	Timestamp=2025-05-27 13:17:00+05:30	Type=BUY
198	2025-06-17 00:15:37	2025-06-17 00:15:37	BuyIndex=4366	BuyPrice=1150.700000	BuyTimestamp=2025-05-27 13:17:00+05:30	Equity=100188.200000	NetPnL=188.200000	SellIndex=4373	SellPrice=1129.650000	SellTimestamp=2025-05-27 13:24:00+05:30	TradePnL=-21.050000	Type=SELL
199	2025-06-17 00:15:37	2025-06-17 00:15:37	Index=4390	Price=1142.750000	Timestamp=2025-05-27 13:41:00+05:30	Type=BUY
200	2025-06-17 00:15:37	2025-06-17 00:15:37	BuyIndex=4390	BuyPrice=1142.750000	BuyTimestamp=2025-05-27 13:41:00+05:30	Equity=100179.700000	NetPnL=179.700000	SellIndex=4406	SellPrice=1134.250000	SellTimestamp=2025-05-27 13:57:00+05:30	TradePnL=-8.500000	Type=SELL
201	2025-06-17 00:15:37	2025-06-17 00:15:37	Index=4445	Price=1100.050000	Timestamp=2025-05-27 14:36:00+05:30	Type=BUY
202	2025-06-17 00:15:37	2025-06-17 00:15:37	BuyIndex=4445	BuyPrice=1100.050000	BuyTimestamp=2025-05-27 14:36:00+05:30	Equity=100205.150000	NetPnL=205.150000	SellIndex=4497	SellPrice=1125.500000	SellTimestamp=2025-05-27 15:28:00+05:30	TradePnL=25.450000	Type=SELL
203	2025-06-17 00:15:37	2025-06-17 00:15:37	Index=4533	Price=1075.450000	Timestamp=2025-05-28 09:49:00+05:30	Type=BUY
204	2025-06-17 00:15:37	2025-06-17 00:15:37	BuyIndex=4533	BuyPrice=1075.450000	BuyTimestamp=2025-05-28 09:49:00+05:30	Equity=100184.700000	NetPnL=184.700000	SellIndex=4540	SellPrice=1055.000000	SellTimestamp=2025-05-28 09:56:00+05:30	TradePnL=-20.450000	Type=SELL
205	2025-06-17 00:15:37	2025-06-17 00:15:37	Index=4572	Price=1059.650000	Timestamp=2025-05-28 10:28:00+05:30	Type=BUY
206	2025-06-17 00:15:37	2025-06-17 00:15:37	BuyIndex=4572	BuyPrice=1059.650000	BuyTimestamp=2025-05-28 10:28:00+05:30	Equity=100175.050000	NetPnL=175.050000	SellIndex=4580	SellPrice=1050.000000	SellTimestamp=2025-05-28 10:36:00+05:30	TradePnL=-9.650000	Type=SELL
207	2025-06-17 00:15:37	2025-06-17 00:15:37	Index=4593	Price=1077.000000	Timestamp=2025-05-28 10:49:00+05:30	Type=BUY
208	2025-06-17 00:15:37	2025-06-17 00:15:37	BuyIndex=4593	BuyPrice=1077.000000	BuyTimestamp=2025-05-28 10:49:00+05:30	Equity=100158.600000	NetPnL=158.600000	SellIndex=4615	SellPrice=1060.550000	SellTimestamp=2025-05-28 11:11:00+05:30	TradePnL=-16.450000	Type=SELL
209	2025-06-17 00:15:37	2025-06-17 00:15:37	Index=4650	Price=1049.100000	Timestamp=2025-05-28 11:46:00+05:30	Type=BUY
210	2025-06-17 00:15:37	2025-06-17 00:15:37	BuyIndex=4650	BuyPrice=1049.100000	BuyTimestamp=2025-05-28 11:46:00+05:30	Equity=100168.500000	NetPnL=168.500000	SellIndex=4670	SellPrice=1059.000000	SellTimestamp=2025-05-28 12:06:00+05:30	TradePnL=9.900000	Type=SELL
211	2025-06-17 00:15:37	2025-06-17 00:15:37	Index=4692	Price=1053.250000	Timestamp=2025-05-28 12:28:00+05:30	Type=BUY
212	2025-06-17 00:15:37	2025-06-17 00:15:37	BuyIndex=4692	BuyPrice=1053.250000	BuyTimestamp=2025-05-28 12:28:00+05:30	Equity=100187.800000	NetPnL=187.800000	SellIndex=4737	SellPrice=1072.550000	SellTimestamp=2025-05-28 13:13:00+05:30	TradePnL=19.300000	Type=SELL
213	2025-06-17 00:15:37	2025-06-17 00:15:37	Index=4786	Price=1051.150000	Timestamp=2025-05-28 14:02:00+05:30	Type=BUY
214	2025-06-17 00:15:37	2025-06-17 00:15:37	BuyIndex=4786	BuyPrice=1051.150000	BuyTimestamp=2025-05-28 14:02:00+05:30	Equity=100181.750000	NetPnL=181.750000	SellIndex=4812	SellPrice=1045.100000	SellTimestamp=2025-05-28 14:28:00+05:30	TradePnL=-6.050000	Type=SELL
215	2025-06-17 00:15:37	2025-06-17 00:15:37	Index=4830	Price=1059.100000	Timestamp=2025-05-28 14:46:00+05:30	Type=BUY
216	2025-06-17 00:15:37	2025-06-17 00:15:37	BuyIndex=4830	BuyPrice=1059.100000	BuyTimestamp=2025-05-28 14:46:00+05:30	Equity=100175.650000	NetPnL=175.650000	SellIndex=4831	SellPrice=1053.000000	SellTimestamp=2025-05-28 14:47:00+05:30	TradePnL=-6.100000	Type=SELL
217	2025-06-17 00:15:37	2025-06-17 00:15:37	Index=4833	Price=1053.050000	Timestamp=2025-05-28 14:49:00+05:30	Type=BUY
218	2025-06-17 00:15:37	2025-06-17 00:15:37	BuyIndex=4833	BuyPrice=1053.050000	BuyTimestamp=2025-05-28 14:49:00+05:30	Equity=100172.600000	NetPnL=172.600000	SellIndex=4837	SellPrice=1050.000000	SellTimestamp=2025-05-28 14:53:00+05:30	TradePnL=-3.050000	Type=SELL
219	2025-06-17 00:15:37	2025-06-17 00:15:37	Index=4875	Price=1114.050000	Timestamp=2025-05-29 09:16:00+05:30	Type=BUY
220	2025-06-17 00:15:37	2025-06-17 00:15:37	BuyIndex=4875	BuyPrice=1114.050000	BuyTimestamp=2025-05-29 09:16:00+05:30	Equity=100098.700000	NetPnL=98.700000	SellIndex=4892	SellPrice=1040.150000	SellTimestamp=2025-05-29 09:33:00+05:30	TradePnL=-73.900000	Type=SELL
221	2025-06-17 00:15:37	2025-06-17 00:15:37	Index=4909	Price=1042.000000	Timestamp=2025-05-29 09:50:00+05:30	Type=BUY
222	2025-06-17 00:15:37	2025-06-17 00:15:37	BuyIndex=4909	BuyPrice=1042.000000	BuyTimestamp=2025-05-29 09:50:00+05:30	Equity=100086.700000	NetPnL=86.700000	SellIndex=4911	SellPrice=1030.000000	SellTimestamp=2025-05-29 09:52:00+05:30	TradePnL=-12.000000	Type=SELL
223	2025-06-17 00:15:37	2025-06-17 00:15:37	Index=4922	Price=1060.250000	Timestamp=2025-05-29 10:03:00+05:30	Type=BUY
224	2025-06-17 00:15:37	2025-06-17 00:15:37	BuyIndex=4922	BuyPrice=1060.250000	BuyTimestamp=2025-05-29 10:03:00+05:30	Equity=100065.150000	NetPnL=65.150000	SellIndex=4938	SellPrice=1038.700000	SellTimestamp=2025-05-29 10:19:00+05:30	TradePnL=-21.550000	Type=SELL
225	2025-06-17 00:15:37	2025-06-17 00:15:37	Index=4974	Price=1014.000000	Timestamp=2025-05-29 10:55:00+05:30	Type=BUY
226	2025-06-17 00:15:37	2025-06-17 00:15:37	BuyIndex=4974	BuyPrice=1014.000000	BuyTimestamp=2025-05-29 10:55:00+05:30	Equity=100024.850000	NetPnL=24.850000	SellIndex=4982	SellPrice=973.700000	SellTimestamp=2025-05-29 11:03:00+05:30	TradePnL=-40.300000	Type=SELL
227	2025-06-17 00:15:37	2025-06-17 00:15:37	Index=5012	Price=975.500000	Timestamp=2025-05-29 11:33:00+05:30	Type=BUY
228	2025-06-17 00:15:37	2025-06-17 00:15:37	BuyIndex=5012	BuyPrice=975.500000	BuyTimestamp=2025-05-29 11:33:00+05:30	Equity=100036.450000	NetPnL=36.450000	SellIndex=5031	SellPrice=987.100000	SellTimestamp=2025-05-29 11:52:00+05:30	TradePnL=11.600000	Type=SELL
229	2025-06-17 00:15:37	2025-06-17 00:15:37	Index=5035	Price=991.950000	Timestamp=2025-05-29 11:56:00+05:30	Type=BUY
230	2025-06-17 00:15:37	2025-06-17 00:15:37	BuyIndex=5035	BuyPrice=991.950000	BuyTimestamp=2025-05-29 11:56:00+05:30	Equity=100029.000000	NetPnL=29.000000	SellIndex=5056	SellPrice=984.500000	SellTimestamp=2025-05-29 12:17:00+05:30	TradePnL=-7.450000	Type=SELL
231	2025-06-17 00:15:37	2025-06-17 00:15:37	Index=5069	Price=1001.450000	Timestamp=2025-05-29 12:30:00+05:30	Type=BUY
232	2025-06-17 00:15:37	2025-06-17 00:15:37	BuyIndex=5069	BuyPrice=1001.450000	BuyTimestamp=2025-05-29 12:30:00+05:30	Equity=99979.000000	NetPnL=-21.000000	SellIndex=5078	SellPrice=951.450000	SellTimestamp=2025-05-29 12:39:00+05:30	TradePnL=-50.000000	Type=SELL
233	2025-06-17 00:15:37	2025-06-17 00:15:37	Index=5094	Price=983.050000	Timestamp=2025-05-29 12:55:00+05:30	Type=BUY
234	2025-06-17 00:15:37	2025-06-17 00:15:37	BuyIndex=5094	BuyPrice=983.050000	BuyTimestamp=2025-05-29 12:55:00+05:30	Equity=100002.750000	NetPnL=2.750000	SellIndex=5121	SellPrice=1006.800000	SellTimestamp=2025-05-29 13:22:00+05:30	TradePnL=23.750000	Type=SELL
235	2025-06-17 00:15:37	2025-06-17 00:15:37	Index=5131	Price=1019.000000	Timestamp=2025-05-29 13:32:00+05:30	Type=BUY
236	2025-06-17 00:15:37	2025-06-17 00:15:37	BuyIndex=5131	BuyPrice=1019.000000	BuyTimestamp=2025-05-29 13:32:00+05:30	Equity=99995.400000	NetPnL=-4.600000	SellIndex=5143	SellPrice=1011.650000	SellTimestamp=2025-05-29 13:44:00+05:30	TradePnL=-7.350000	Type=SELL
237	2025-06-17 00:15:37	2025-06-17 00:15:37	Index=5184	Price=1002.400000	Timestamp=2025-05-29 14:25:00+05:30	Type=BUY
238	2025-06-17 00:15:37	2025-06-17 00:15:37	BuyIndex=5184	BuyPrice=1002.400000	BuyTimestamp=2025-05-29 14:25:00+05:30	Equity=99995.300000	NetPnL=-4.700000	SellIndex=5208	SellPrice=1002.300000	SellTimestamp=2025-05-29 14:49:00+05:30	TradePnL=-0.100000	Type=SELL
239	2025-06-17 00:15:37	2025-06-17 00:15:37	Index=5220	Price=1030.100000	Timestamp=2025-05-29 15:01:00+05:30	Type=BUY
240	2025-06-17 00:15:37	2025-06-17 00:15:37	BuyIndex=5220	BuyPrice=1030.100000	BuyTimestamp=2025-05-29 15:01:00+05:30	Equity=100001.750000	NetPnL=1.750000	SellIndex=5253	SellPrice=1036.550000	SellTimestamp=2025-05-30 09:19:00+05:30	TradePnL=6.450000	Type=SELL
241	2025-06-17 00:15:37	2025-06-17 00:15:37	Index=5258	Price=1086.000000	Timestamp=2025-05-30 09:24:00+05:30	Type=BUY
242	2025-06-17 00:15:37	2025-06-17 00:15:37	BuyIndex=5258	BuyPrice=1086.000000	BuyTimestamp=2025-05-30 09:24:00+05:30	Equity=99996.700000	NetPnL=-3.300000	SellIndex=5259	SellPrice=1080.950000	SellTimestamp=2025-05-30 09:25:00+05:30	TradePnL=-5.050000	Type=SELL
243	2025-06-17 00:15:37	2025-06-17 00:15:37	Index=5261	Price=1084.250000	Timestamp=2025-05-30 09:27:00+05:30	Type=BUY
244	2025-06-17 00:15:37	2025-06-17 00:15:37	BuyIndex=5261	BuyPrice=1084.250000	BuyTimestamp=2025-05-30 09:27:00+05:30	Equity=99955.250000	NetPnL=-44.750000	SellIndex=5274	SellPrice=1042.800000	SellTimestamp=2025-05-30 09:40:00+05:30	TradePnL=-41.450000	Type=SELL
245	2025-06-17 00:15:37	2025-06-17 00:15:37	Index=5350	Price=998.050000	Timestamp=2025-05-30 10:56:00+05:30	Type=BUY
246	2025-06-17 00:15:37	2025-06-17 00:15:37	BuyIndex=5350	BuyPrice=998.050000	BuyTimestamp=2025-05-30 10:56:00+05:30	Equity=99962.200000	NetPnL=-37.800000	SellIndex=5374	SellPrice=1005.000000	SellTimestamp=2025-05-30 11:20:00+05:30	TradePnL=6.950000	Type=SELL
247	2025-06-17 00:15:37	2025-06-17 00:15:37	Index=5378	Price=1015.050000	Timestamp=2025-05-30 11:24:00+05:30	Type=BUY
248	2025-06-17 00:15:37	2025-06-17 00:15:37	BuyIndex=5378	BuyPrice=1015.050000	BuyTimestamp=2025-05-30 11:24:00+05:30	Equity=99942.000000	NetPnL=-58.000000	SellIndex=5396	SellPrice=994.850000	SellTimestamp=2025-05-30 11:42:00+05:30	TradePnL=-20.200000	Type=SELL
249	2025-06-17 00:15:37	2025-06-17 00:15:37	Index=5437	Price=984.000000	Timestamp=2025-05-30 12:23:00+05:30	Type=BUY
250	2025-06-17 00:15:37	2025-06-17 00:15:37	BuyIndex=5437	BuyPrice=984.000000	BuyTimestamp=2025-05-30 12:23:00+05:30	Equity=99935.000000	NetPnL=-65.000000	SellIndex=5451	SellPrice=977.000000	SellTimestamp=2025-05-30 12:37:00+05:30	TradePnL=-7.000000	Type=SELL
251	2025-06-17 00:15:37	2025-06-17 00:15:37	Index=5465	Price=991.950000	Timestamp=2025-05-30 12:51:00+05:30	Type=BUY
252	2025-06-17 00:15:37	2025-06-17 00:15:37	BuyIndex=5465	BuyPrice=991.950000	BuyTimestamp=2025-05-30 12:51:00+05:30	Equity=99936.050000	NetPnL=-63.950000	SellIndex=5499	SellPrice=993.000000	SellTimestamp=2025-05-30 13:25:00+05:30	TradePnL=1.050000	Type=SELL
253	2025-06-17 00:15:37	2025-06-17 00:15:37	Index=5503	Price=1012.000000	Timestamp=2025-05-30 13:29:00+05:30	Type=BUY
254	2025-06-17 00:15:37	2025-06-17 00:15:37	BuyIndex=5503	BuyPrice=1012.000000	BuyTimestamp=2025-05-30 13:29:00+05:30	Equity=99930.350000	NetPnL=-69.650000	SellIndex=5525	SellPrice=1006.300000	SellTimestamp=2025-05-30 13:51:00+05:30	TradePnL=-5.700000	Type=SELL
255	2025-06-17 00:15:37	2025-06-17 00:15:37	Index=5531	Price=1037.500000	Timestamp=2025-05-30 13:57:00+05:30	Type=BUY
256	2025-06-17 00:15:37	2025-06-17 00:15:37	BuyIndex=5531	BuyPrice=1037.500000	BuyTimestamp=2025-05-30 13:57:00+05:30	Equity=99895.050000	NetPnL=-104.950000	SellIndex=5546	SellPrice=1002.200000	SellTimestamp=2025-05-30 14:12:00+05:30	TradePnL=-35.300000	Type=SELL
257	2025-06-17 00:15:37	2025-06-17 00:15:37	Index=5565	Price=1017.100000	Timestamp=2025-05-30 14:31:00+05:30	Type=BUY
258	2025-06-17 00:15:37	2025-06-17 00:15:37	BuyIndex=5565	BuyPrice=1017.100000	BuyTimestamp=2025-05-30 14:31:00+05:30	Equity=99872.950000	NetPnL=-127.050000	SellIndex=5580	SellPrice=995.000000	SellTimestamp=2025-05-30 14:46:00+05:30	TradePnL=-22.100000	Type=SELL
259	2025-06-17 00:15:37	2025-06-17 00:15:37	Index=5594	Price=1007.250000	Timestamp=2025-05-30 15:00:00+05:30	Type=BUY
260	2025-06-17 00:15:37	2025-06-17 00:15:37	BuyIndex=5594	BuyPrice=1007.250000	BuyTimestamp=2025-05-30 15:00:00+05:30	Equity=99855.250000	NetPnL=-144.750000	SellIndex=5597	SellPrice=989.550000	SellTimestamp=2025-05-30 15:03:00+05:30	TradePnL=-17.700000	Type=SELL
261	2025-06-17 00:15:37	2025-06-17 00:15:37	Index=5614	Price=999.450000	Timestamp=2025-05-30 15:20:00+05:30	Type=BUY
262	2025-06-17 00:15:37	2025-06-17 00:15:37	BuyIndex=5614	BuyPrice=999.450000	BuyTimestamp=2025-05-30 15:20:00+05:30	Equity=99837.800000	NetPnL=-162.200000	SellIndex=5623	SellPrice=982.000000	SellTimestamp=2025-05-30 15:29:00+05:30	TradePnL=-17.450000	Type=SELL
263	2025-06-17 00:15:37	2025-06-17 00:15:37	Index=5655	Price=820.000000	Timestamp=2025-06-02 09:46:00+05:30	Type=BUY
264	2025-06-17 00:15:37	2025-06-17 00:15:37	BuyIndex=5655	BuyPrice=820.000000	BuyTimestamp=2025-06-02 09:46:00+05:30	Equity=99849.350000	NetPnL=-150.650000	SellIndex=5690	SellPrice=831.550000	SellTimestamp=2025-06-02 10:21:00+05:30	TradePnL=11.550000	Type=SELL
265	2025-06-17 00:15:37	2025-06-17 00:15:37	Index=5699	Price=861.000000	Timestamp=2025-06-02 10:30:00+05:30	Type=BUY
266	2025-06-17 00:15:37	2025-06-17 00:15:37	BuyIndex=5699	BuyPrice=861.000000	BuyTimestamp=2025-06-02 10:30:00+05:30	Equity=99869.350000	NetPnL=-130.650000	SellIndex=5728	SellPrice=881.000000	SellTimestamp=2025-06-02 10:59:00+05:30	TradePnL=20.000000	Type=SELL
267	2025-06-17 00:15:37	2025-06-17 00:15:37	Index=5741	Price=892.200000	Timestamp=2025-06-02 11:12:00+05:30	Type=BUY
268	2025-06-17 00:15:37	2025-06-17 00:15:37	BuyIndex=5741	BuyPrice=892.200000	BuyTimestamp=2025-06-02 11:12:00+05:30	Equity=99877.150000	NetPnL=-122.850000	SellIndex=5765	SellPrice=900.000000	SellTimestamp=2025-06-02 11:36:00+05:30	TradePnL=7.800000	Type=SELL
269	2025-06-17 00:15:37	2025-06-17 00:15:37	Index=5782	Price=908.000000	Timestamp=2025-06-02 11:53:00+05:30	Type=BUY
270	2025-06-17 00:15:37	2025-06-17 00:15:37	BuyIndex=5782	BuyPrice=908.000000	BuyTimestamp=2025-06-02 11:53:00+05:30	Equity=99926.650000	NetPnL=-73.350000	SellIndex=5847	SellPrice=957.500000	SellTimestamp=2025-06-02 12:58:00+05:30	TradePnL=49.500000	Type=SELL
271	2025-06-17 00:15:37	2025-06-17 00:15:37	Index=5869	Price=959.700000	Timestamp=2025-06-02 13:20:00+05:30	Type=BUY
272	2025-06-17 00:15:37	2025-06-17 00:15:37	BuyIndex=5869	BuyPrice=959.700000	BuyTimestamp=2025-06-02 13:20:00+05:30	Equity=99931.450000	NetPnL=-68.550000	SellIndex=5906	SellPrice=964.500000	SellTimestamp=2025-06-02 13:57:00+05:30	TradePnL=4.800000	Type=SELL
273	2025-06-17 00:15:37	2025-06-17 00:15:37	Index=5938	Price=962.700000	Timestamp=2025-06-02 14:29:00+05:30	Type=BUY
274	2025-06-17 00:15:37	2025-06-17 00:15:37	BuyIndex=5938	BuyPrice=962.700000	BuyTimestamp=2025-06-02 14:29:00+05:30	Equity=99888.750000	NetPnL=-111.250000	SellIndex=5943	SellPrice=920.000000	SellTimestamp=2025-06-02 14:34:00+05:30	TradePnL=-42.700000	Type=SELL
275	2025-06-17 00:15:37	2025-06-17 00:15:37	Index=5963	Price=944.800000	Timestamp=2025-06-02 14:54:00+05:30	Type=BUY
276	2025-06-17 00:15:37	2025-06-17 00:15:37	BuyIndex=5963	BuyPrice=944.800000	BuyTimestamp=2025-06-02 14:54:00+05:30	Equity=99899.500000	NetPnL=-100.500000	SellIndex=5987	SellPrice=955.550000	SellTimestamp=2025-06-02 15:18:00+05:30	TradePnL=10.750000	Type=SELL
277	2025-06-17 00:15:37	2025-06-17 00:15:37	Index=6008	Price=927.000000	Timestamp=2025-06-03 09:24:00+05:30	Type=BUY
278	2025-06-17 00:15:37	2025-06-17 00:15:37	BuyIndex=6008	BuyPrice=927.000000	BuyTimestamp=2025-06-03 09:24:00+05:30	Equity=99889.000000	NetPnL=-111.000000	SellIndex=6010	SellPrice=916.500000	SellTimestamp=2025-06-03 09:26:00+05:30	TradePnL=-10.500000	Type=SELL
279	2025-06-17 00:15:37	2025-06-17 00:15:37	Index=6028	Price=918.250000	Timestamp=2025-06-03 09:44:00+05:30	Type=BUY
280	2025-06-17 00:15:37	2025-06-17 00:15:37	BuyIndex=6028	BuyPrice=918.250000	BuyTimestamp=2025-06-03 09:44:00+05:30	Equity=99868.400000	NetPnL=-131.600000	SellIndex=6045	SellPrice=897.650000	SellTimestamp=2025-06-03 10:01:00+05:30	TradePnL=-20.600000	Type=SELL
281	2025-06-17 00:15:37	2025-06-17 00:15:37	Index=6059	Price=933.000000	Timestamp=2025-06-03 10:15:00+05:30	Type=BUY
282	2025-06-17 00:15:37	2025-06-17 00:15:37	BuyIndex=6059	BuyPrice=933.000000	BuyTimestamp=2025-06-03 10:15:00+05:30	Equity=99843.350000	NetPnL=-156.650000	SellIndex=6084	SellPrice=907.950000	SellTimestamp=2025-06-03 10:40:00+05:30	TradePnL=-25.050000	Type=SELL
283	2025-06-17 00:15:37	2025-06-17 00:15:37	Index=6138	Price=932.000000	Timestamp=2025-06-03 11:34:00+05:30	Type=BUY
284	2025-06-17 00:15:37	2025-06-17 00:15:37	BuyIndex=6138	BuyPrice=932.000000	BuyTimestamp=2025-06-03 11:34:00+05:30	Equity=99791.350000	NetPnL=-208.650000	SellIndex=6149	SellPrice=880.000000	SellTimestamp=2025-06-03 11:45:00+05:30	TradePnL=-52.000000	Type=SELL
285	2025-06-17 00:15:37	2025-06-17 00:15:37	Index=6162	Price=902.550000	Timestamp=2025-06-03 11:58:00+05:30	Type=BUY
286	2025-06-17 00:15:37	2025-06-17 00:15:37	BuyIndex=6162	BuyPrice=902.550000	BuyTimestamp=2025-06-03 11:58:00+05:30	Equity=99771.400000	NetPnL=-228.600000	SellIndex=6180	SellPrice=882.600000	SellTimestamp=2025-06-03 12:16:00+05:30	TradePnL=-19.950000	Type=SELL
287	2025-06-17 00:15:37	2025-06-17 00:15:37	Index=6197	Price=910.000000	Timestamp=2025-06-03 12:33:00+05:30	Type=BUY
288	2025-06-17 00:15:37	2025-06-17 00:15:37	BuyIndex=6197	BuyPrice=910.000000	BuyTimestamp=2025-06-03 12:33:00+05:30	Equity=99745.400000	NetPnL=-254.600000	SellIndex=6214	SellPrice=884.000000	SellTimestamp=2025-06-03 12:50:00+05:30	TradePnL=-26.000000	Type=SELL
289	2025-06-17 00:15:37	2025-06-17 00:15:37	Index=6244	Price=855.000000	Timestamp=2025-06-03 13:20:00+05:30	Type=BUY
290	2025-06-17 00:15:37	2025-06-17 00:15:37	BuyIndex=6244	BuyPrice=855.000000	BuyTimestamp=2025-06-03 13:20:00+05:30	Equity=99728.000000	NetPnL=-272.000000	SellIndex=6250	SellPrice=837.600000	SellTimestamp=2025-06-03 13:26:00+05:30	TradePnL=-17.400000	Type=SELL
291	2025-06-17 00:15:37	2025-06-17 00:15:37	Index=6252	Price=836.150000	Timestamp=2025-06-03 13:28:00+05:30	Type=BUY
292	2025-06-17 00:15:37	2025-06-17 00:15:37	BuyIndex=6252	BuyPrice=836.150000	BuyTimestamp=2025-06-03 13:28:00+05:30	Equity=99741.850000	NetPnL=-258.150000	SellIndex=6256	SellPrice=850.000000	SellTimestamp=2025-06-03 13:32:00+05:30	TradePnL=13.850000	Type=SELL
293	2025-06-17 00:15:37	2025-06-17 00:15:37	Index=6261	Price=851.000000	Timestamp=2025-06-03 13:37:00+05:30	Type=BUY
294	2025-06-17 00:15:37	2025-06-17 00:15:37	BuyIndex=6261	BuyPrice=851.000000	BuyTimestamp=2025-06-03 13:37:00+05:30	Equity=99726.700000	NetPnL=-273.300000	SellIndex=6269	SellPrice=835.850000	SellTimestamp=2025-06-03 13:45:00+05:30	TradePnL=-15.150000	Type=SELL
295	2025-06-17 00:15:37	2025-06-17 00:15:37	Index=6286	Price=842.000000	Timestamp=2025-06-03 14:02:00+05:30	Type=BUY
296	2025-06-17 00:15:37	2025-06-17 00:15:37	BuyIndex=6286	BuyPrice=842.000000	BuyTimestamp=2025-06-03 14:02:00+05:30	Equity=99728.900000	NetPnL=-271.100000	SellIndex=6314	SellPrice=844.200000	SellTimestamp=2025-06-03 14:30:00+05:30	TradePnL=2.200000	Type=SELL
297	2025-06-17 00:15:37	2025-06-17 00:15:37	Index=6319	Price=858.000000	Timestamp=2025-06-03 14:35:00+05:30	Type=BUY
298	2025-06-17 00:15:37	2025-06-17 00:15:37	BuyIndex=6319	BuyPrice=858.000000	BuyTimestamp=2025-06-03 14:35:00+05:30	Equity=99724.900000	NetPnL=-275.100000	SellIndex=6338	SellPrice=854.000000	SellTimestamp=2025-06-03 14:54:00+05:30	TradePnL=-4.000000	Type=SELL
299	2025-06-17 00:15:37	2025-06-17 00:15:37	Index=6383	Price=826.900000	Timestamp=2025-06-04 09:24:00+05:30	Type=BUY
300	2025-06-17 00:15:37	2025-06-17 00:15:37	BuyIndex=6383	BuyPrice=826.900000	BuyTimestamp=2025-06-04 09:24:00+05:30	Equity=99697.400000	NetPnL=-302.600000	SellIndex=6394	SellPrice=799.400000	SellTimestamp=2025-06-04 09:35:00+05:30	TradePnL=-27.500000	Type=SELL
301	2025-06-17 00:15:37	2025-06-17 00:15:37	Index=6421	Price=819.000000	Timestamp=2025-06-04 10:02:00+05:30	Type=BUY
302	2025-06-17 00:15:37	2025-06-17 00:15:37	BuyIndex=6421	BuyPrice=819.000000	BuyTimestamp=2025-06-04 10:02:00+05:30	Equity=99708.400000	NetPnL=-291.600000	SellIndex=6474	SellPrice=830.000000	SellTimestamp=2025-06-04 10:55:00+05:30	TradePnL=11.000000	Type=SELL
303	2025-06-17 00:15:37	2025-06-17 00:15:37	Index=6489	Price=834.450000	Timestamp=2025-06-04 11:10:00+05:30	Type=BUY
304	2025-06-17 00:15:37	2025-06-17 00:15:37	BuyIndex=6489	BuyPrice=834.450000	BuyTimestamp=2025-06-04 11:10:00+05:30	Equity=99695.950000	NetPnL=-304.050000	SellIndex=6495	SellPrice=822.000000	SellTimestamp=2025-06-04 11:16:00+05:30	TradePnL=-12.450000	Type=SELL
305	2025-06-17 00:15:37	2025-06-17 00:15:37	Index=6507	Price=840.950000	Timestamp=2025-06-04 11:28:00+05:30	Type=BUY
306	2025-06-17 00:15:37	2025-06-17 00:15:37	BuyIndex=6507	BuyPrice=840.950000	BuyTimestamp=2025-06-04 11:28:00+05:30	Equity=99686.850000	NetPnL=-313.150000	SellIndex=6527	SellPrice=831.850000	SellTimestamp=2025-06-04 11:48:00+05:30	TradePnL=-9.100000	Type=SELL
307	2025-06-17 00:15:37	2025-06-17 00:15:37	Index=6548	Price=835.300000	Timestamp=2025-06-04 12:09:00+05:30	Type=BUY
308	2025-06-17 00:15:37	2025-06-17 00:15:37	BuyIndex=6548	BuyPrice=835.300000	BuyTimestamp=2025-06-04 12:09:00+05:30	Equity=99686.050000	NetPnL=-313.950000	SellIndex=6571	SellPrice=834.500000	SellTimestamp=2025-06-04 12:32:00+05:30	TradePnL=-0.800000	Type=SELL
309	2025-06-17 00:15:37	2025-06-17 00:15:37	Index=6587	Price=843.050000	Timestamp=2025-06-04 12:48:00+05:30	Type=BUY
310	2025-06-17 00:15:37	2025-06-17 00:15:37	BuyIndex=6587	BuyPrice=843.050000	BuyTimestamp=2025-06-04 12:48:00+05:30	Equity=99684.450000	NetPnL=-315.550000	SellIndex=6616	SellPrice=841.450000	SellTimestamp=2025-06-04 13:17:00+05:30	TradePnL=-1.600000	Type=SELL
311	2025-06-17 00:15:37	2025-06-17 00:15:37	Index=6632	Price=851.000000	Timestamp=2025-06-04 13:33:00+05:30	Type=BUY
312	2025-06-17 00:15:37	2025-06-17 00:15:37	BuyIndex=6632	BuyPrice=851.000000	BuyTimestamp=2025-06-04 13:33:00+05:30	Equity=99684.950000	NetPnL=-315.050000	SellIndex=6650	SellPrice=851.500000	SellTimestamp=2025-06-04 13:51:00+05:30	TradePnL=0.500000	Type=SELL
313	2025-06-17 00:15:37	2025-06-17 00:15:37	Index=6651	Price=853.950000	Timestamp=2025-06-04 13:52:00+05:30	Type=BUY
314	2025-06-17 00:15:37	2025-06-17 00:15:37	BuyIndex=6651	BuyPrice=853.950000	BuyTimestamp=2025-06-04 13:52:00+05:30	Equity=99691.000000	NetPnL=-309.000000	SellIndex=6680	SellPrice=860.000000	SellTimestamp=2025-06-04 14:21:00+05:30	TradePnL=6.050000	Type=SELL
315	2025-06-17 00:15:37	2025-06-17 00:15:37	Index=6694	Price=858.550000	Timestamp=2025-06-04 14:35:00+05:30	Type=BUY
316	2025-06-17 00:15:37	2025-06-17 00:15:37	BuyIndex=6694	BuyPrice=858.550000	BuyTimestamp=2025-06-04 14:35:00+05:30	Equity=99690.400000	NetPnL=-309.600000	SellIndex=6696	SellPrice=857.950000	SellTimestamp=2025-06-04 14:37:00+05:30	TradePnL=-0.600000	Type=SELL
317	2025-06-17 00:15:37	2025-06-17 00:15:37	Index=6713	Price=857.500000	Timestamp=2025-06-04 14:54:00+05:30	Type=BUY
318	2025-06-17 00:15:37	2025-06-17 00:15:37	BuyIndex=6713	BuyPrice=857.500000	BuyTimestamp=2025-06-04 14:54:00+05:30	Equity=99680.850000	NetPnL=-319.150000	SellIndex=6732	SellPrice=847.950000	SellTimestamp=2025-06-04 15:13:00+05:30	TradePnL=-9.550000	Type=SELL
319	2025-06-17 00:15:37	2025-06-17 00:15:37	Index=6756	Price=861.600000	Timestamp=2025-06-05 09:22:00+05:30	Type=BUY
320	2025-06-17 00:15:37	2025-06-17 00:15:37	BuyIndex=6756	BuyPrice=861.600000	BuyTimestamp=2025-06-05 09:22:00+05:30	Equity=99757.450000	NetPnL=-242.550000	SellIndex=6797	SellPrice=938.200000	SellTimestamp=2025-06-05 10:03:00+05:30	TradePnL=76.600000	Type=SELL
321	2025-06-17 00:15:37	2025-06-17 00:15:37	Index=6862	Price=902.000000	Timestamp=2025-06-05 11:08:00+05:30	Type=BUY
322	2025-06-17 00:15:37	2025-06-17 00:15:37	BuyIndex=6862	BuyPrice=902.000000	BuyTimestamp=2025-06-05 11:08:00+05:30	Equity=99783.200000	NetPnL=-216.800000	SellIndex=6896	SellPrice=927.750000	SellTimestamp=2025-06-05 11:42:00+05:30	TradePnL=25.750000	Type=SELL
323	2025-06-17 00:15:37	2025-06-17 00:15:37	Index=6915	Price=950.000000	Timestamp=2025-06-05 12:01:00+05:30	Type=BUY
324	2025-06-17 00:15:37	2025-06-17 00:15:37	BuyIndex=6915	BuyPrice=950.000000	BuyTimestamp=2025-06-05 12:01:00+05:30	Equity=99867.200000	NetPnL=-132.800000	SellIndex=6944	SellPrice=1034.000000	SellTimestamp=2025-06-05 12:30:00+05:30	TradePnL=84.000000	Type=SELL
325	2025-06-17 00:15:37	2025-06-17 00:15:37	Index=6964	Price=1018.000000	Timestamp=2025-06-05 12:50:00+05:30	Type=BUY
326	2025-06-17 00:15:37	2025-06-17 00:15:37	BuyIndex=6964	BuyPrice=1018.000000	BuyTimestamp=2025-06-05 12:50:00+05:30	Equity=99869.200000	NetPnL=-130.800000	SellIndex=6967	SellPrice=1020.000000	SellTimestamp=2025-06-05 12:53:00+05:30	TradePnL=2.000000	Type=SELL
327	2025-06-17 00:15:37	2025-06-17 00:15:37	Index=7061	Price=949.000000	Timestamp=2025-06-05 14:27:00+05:30	Type=BUY
328	2025-06-17 00:15:37	2025-06-17 00:15:37	BuyIndex=7061	BuyPrice=949.000000	BuyTimestamp=2025-06-05 14:27:00+05:30	Equity=99859.700000	NetPnL=-140.300000	SellIndex=7095	SellPrice=939.500000	SellTimestamp=2025-06-05 15:01:00+05:30	TradePnL=-9.500000	Type=SELL
329	2025-06-17 00:15:37	2025-06-17 00:15:37	Index=7116	Price=951.350000	Timestamp=2025-06-05 15:22:00+05:30	Type=BUY
